18:00:42 DEBUG : Logs will be stored at '/home/andy/Documents/ece_520/fa22-ece520-final-project-alopez099/software/IDE.log'.
18:00:43 INFO  : Launching XSCT server: xsct -n  -interactive /home/andy/Documents/ece_520/fa22-ece520-final-project-alopez099/software/temp_xsdb_launch_script.tcl
18:00:43 INFO  : Registering command handlers for Vitis TCF services
18:00:43 INFO  : Platform repository initialization has completed.
18:00:45 INFO  : XSCT server has started successfully.
18:00:45 INFO  : plnx-install-location is set to ''
18:00:45 INFO  : Successfully done setting XSCT server connection channel  
18:00:45 INFO  : Successfully done query RDI_DATADIR 
18:00:45 INFO  : Successfully done setting workspace for the tool. 
18:01:57 INFO  : Result from executing command 'getProjects': design_1_wrapper
18:01:57 INFO  : Result from executing command 'getPlatforms': xilinx_vck190_base_202220_1|/opt/Xilinx/Vitis/2022.2/base_platforms/xilinx_vck190_base_202220_1/xilinx_vck190_base_202220_1.xpfm;xilinx_vck190_base_dfx_202220_1|/opt/Xilinx/Vitis/2022.2/base_platforms/xilinx_vck190_base_dfx_202220_1/xilinx_vck190_base_dfx_202220_1.xpfm;xilinx_vmk180_base_202220_1|/opt/Xilinx/Vitis/2022.2/base_platforms/xilinx_vmk180_base_202220_1/xilinx_vmk180_base_202220_1.xpfm;xilinx_zcu102_base_202220_1|/opt/Xilinx/Vitis/2022.2/base_platforms/xilinx_zcu102_base_202220_1/xilinx_zcu102_base_202220_1.xpfm;xilinx_zcu102_base_dfx_202220_1|/opt/Xilinx/Vitis/2022.2/base_platforms/xilinx_zcu102_base_dfx_202220_1/xilinx_zcu102_base_dfx_202220_1.xpfm;xilinx_zcu104_base_202220_1|/opt/Xilinx/Vitis/2022.2/base_platforms/xilinx_zcu104_base_202220_1/xilinx_zcu104_base_202220_1.xpfm
18:01:58 WARN  : An unexpected exception occurred in the module 'platform project logging'
18:01:58 INFO  : Platform 'design_1_wrapper' is added to custom repositories.
18:02:04 INFO  : Platform 'design_1_wrapper' is added to custom repositories.
18:09:07 DEBUG : Logs will be stored at '/home/andy/Documents/ece_520/fa22-ece520-final-project-alopez099/software/IDE.log'.
18:09:07 INFO  : Launching XSCT server: xsct -n  -interactive /home/andy/Documents/ece_520/fa22-ece520-final-project-alopez099/software/temp_xsdb_launch_script.tcl
18:09:09 INFO  : Registering command handlers for Vitis TCF services
18:09:09 INFO  : Platform repository initialization has completed.
18:09:09 INFO  : XSCT server has started successfully.
18:09:09 INFO  : plnx-install-location is set to ''
18:09:09 INFO  : Successfully done setting XSCT server connection channel  
18:09:09 INFO  : Successfully done query RDI_DATADIR 
18:09:09 INFO  : Successfully done setting workspace for the tool. 
18:10:04 INFO  : Result from executing command 'getProjects': design_1_wrapper
18:10:04 INFO  : Result from executing command 'getPlatforms': design_1_wrapper|/home/andy/Documents/ece_520/fa22-ece520-final-project-alopez099/software/design_1_wrapper/export/design_1_wrapper/design_1_wrapper.xpfm;xilinx_vck190_base_202220_1|/opt/Xilinx/Vitis/2022.2/base_platforms/xilinx_vck190_base_202220_1/xilinx_vck190_base_202220_1.xpfm;xilinx_vck190_base_dfx_202220_1|/opt/Xilinx/Vitis/2022.2/base_platforms/xilinx_vck190_base_dfx_202220_1/xilinx_vck190_base_dfx_202220_1.xpfm;xilinx_vmk180_base_202220_1|/opt/Xilinx/Vitis/2022.2/base_platforms/xilinx_vmk180_base_202220_1/xilinx_vmk180_base_202220_1.xpfm;xilinx_zcu102_base_202220_1|/opt/Xilinx/Vitis/2022.2/base_platforms/xilinx_zcu102_base_202220_1/xilinx_zcu102_base_202220_1.xpfm;xilinx_zcu102_base_dfx_202220_1|/opt/Xilinx/Vitis/2022.2/base_platforms/xilinx_zcu102_base_dfx_202220_1/xilinx_zcu102_base_dfx_202220_1.xpfm;xilinx_zcu104_base_202220_1|/opt/Xilinx/Vitis/2022.2/base_platforms/xilinx_zcu104_base_202220_1/xilinx_zcu104_base_202220_1.xpfm
18:10:08 INFO  : Checking for BSP changes to sync application flags for project 'color_sensor_sw'...
18:10:15 INFO  : Checking for BSP changes to sync application flags for project 'color_sensor_sw'...
18:18:14 INFO  : Connected to target on host '127.0.0.1' and port '3121'.
18:18:15 INFO  : Jtag cable 'Digilent Zybo Z7 210351AF248EA' is selected.
18:18:15 INFO  : 'jtag frequency' command is executed.
18:18:15 INFO  : Context for 'APU' is selected.
18:18:15 INFO  : System reset is completed.
18:18:18 INFO  : 'after 3000' command is executed.
18:18:18 INFO  : 'targets -set -filter {jtag_cable_name =~ "Digilent Zybo Z7 210351AF248EA" && level==0 && jtag_device_ctx=="jsn-Zybo Z7-210351AF248EA-13722093-0"}' command is executed.
18:18:19 INFO  : Device configured successfully with "/home/andy/Documents/ece_520/fa22-ece520-final-project-alopez099/software/color_sensor_sw/_ide/bitstream/design_1_wrapper.bit"
18:18:19 INFO  : Context for 'APU' is selected.
18:18:19 INFO  : Hardware design and registers information is loaded from '/home/andy/Documents/ece_520/fa22-ece520-final-project-alopez099/software/design_1_wrapper/export/design_1_wrapper/hw/design_1_wrapper.xsa'.
18:18:19 INFO  : 'configparams force-mem-access 1' command is executed.
18:18:19 INFO  : Context for 'APU' is selected.
18:18:19 INFO  : Sourcing of '/home/andy/Documents/ece_520/fa22-ece520-final-project-alopez099/software/color_sensor_sw/_ide/psinit/ps7_init.tcl' is done.
18:18:20 INFO  : 'ps7_init' command is executed.
18:18:20 INFO  : 'ps7_post_config' command is executed.
18:18:20 INFO  : Context for processor 'ps7_cortexa9_0' is selected.
18:18:20 INFO  : The application '/home/andy/Documents/ece_520/fa22-ece520-final-project-alopez099/software/color_sensor_sw/Debug/color_sensor_sw.elf' is downloaded to processor 'ps7_cortexa9_0'.
18:18:20 INFO  : 'configparams force-mem-access 0' command is executed.
18:18:20 INFO  : ----------------XSDB Script----------------
connect -url tcp:127.0.0.1:3121
targets -set -nocase -filter {name =~"APU*"}
rst -system
after 3000
targets -set -filter {jtag_cable_name =~ "Digilent Zybo Z7 210351AF248EA" && level==0 && jtag_device_ctx=="jsn-Zybo Z7-210351AF248EA-13722093-0"}
fpga -file /home/andy/Documents/ece_520/fa22-ece520-final-project-alopez099/software/color_sensor_sw/_ide/bitstream/design_1_wrapper.bit
targets -set -nocase -filter {name =~"APU*"}
loadhw -hw /home/andy/Documents/ece_520/fa22-ece520-final-project-alopez099/software/design_1_wrapper/export/design_1_wrapper/hw/design_1_wrapper.xsa -mem-ranges [list {0x40000000 0xbfffffff}] -regs
configparams force-mem-access 1
targets -set -nocase -filter {name =~"APU*"}
source /home/andy/Documents/ece_520/fa22-ece520-final-project-alopez099/software/color_sensor_sw/_ide/psinit/ps7_init.tcl
ps7_init
ps7_post_config
targets -set -nocase -filter {name =~ "*A9*#0"}
dow /home/andy/Documents/ece_520/fa22-ece520-final-project-alopez099/software/color_sensor_sw/Debug/color_sensor_sw.elf
configparams force-mem-access 0
----------------End of Script----------------

18:18:20 INFO  : Context for processor 'ps7_cortexa9_0' is selected.
18:18:20 INFO  : 'con' command is executed.
18:18:20 INFO  : ----------------XSDB Script (After Launch)----------------
targets -set -nocase -filter {name =~ "*A9*#0"}
con
----------------End of Script----------------

18:18:20 INFO  : Launch script is exported to file '/home/andy/Documents/ece_520/fa22-ece520-final-project-alopez099/software/color_sensor_sw_system/_ide/scripts/debugger_color_sensor_sw-default.tcl'
18:18:58 INFO  : Disconnected from the channel tcfchan#3.
18:22:03 DEBUG : Logs will be stored at '/home/andy/Documents/ece_520/fa22-ece520-final-project-alopez099/software/IDE.log'.
18:22:03 INFO  : Launching XSCT server: xsct -n  -interactive /home/andy/Documents/ece_520/fa22-ece520-final-project-alopez099/software/temp_xsdb_launch_script.tcl
18:22:05 INFO  : Registering command handlers for Vitis TCF services
18:22:05 INFO  : Platform repository initialization has completed.
18:22:05 INFO  : XSCT server has started successfully.
18:22:05 INFO  : plnx-install-location is set to ''
18:22:05 INFO  : Successfully done setting XSCT server connection channel  
18:22:05 INFO  : Successfully done query RDI_DATADIR 
18:22:05 INFO  : Successfully done setting workspace for the tool. 
18:22:28 INFO  : Connected to target on host '127.0.0.1' and port '3121'.
18:22:28 INFO  : 'targets -set -filter {jtag_cable_name =~ "Digilent Zybo Z7 210351AF248EA" && level==0 && jtag_device_ctx=="jsn-Zybo Z7-210351AF248EA-13722093-0"}' command is executed.
18:22:30 INFO  : Device configured successfully with "/home/andy/Documents/ece_520/fa22-ece520-final-project-alopez099/software/color_sensor_sw/_ide/bitstream/design_1_wrapper.bit"
18:22:51 INFO  : Connected to target on host '127.0.0.1' and port '3121'.
18:22:51 INFO  : Jtag cable 'Digilent Zybo Z7 210351AF248EA' is selected.
18:22:51 INFO  : 'jtag frequency' command is executed.
18:22:51 INFO  : Context for 'APU' is selected.
18:22:51 INFO  : System reset is completed.
18:22:54 INFO  : 'after 3000' command is executed.
18:22:54 INFO  : 'targets -set -filter {jtag_cable_name =~ "Digilent Zybo Z7 210351AF248EA" && level==0 && jtag_device_ctx=="jsn-Zybo Z7-210351AF248EA-13722093-0"}' command is executed.
18:22:55 INFO  : Device configured successfully with "/home/andy/Documents/ece_520/fa22-ece520-final-project-alopez099/software/color_sensor_sw/_ide/bitstream/design_1_wrapper.bit"
18:22:55 INFO  : Context for 'APU' is selected.
18:22:55 INFO  : Hardware design and registers information is loaded from '/home/andy/Documents/ece_520/fa22-ece520-final-project-alopez099/software/design_1_wrapper/export/design_1_wrapper/hw/design_1_wrapper.xsa'.
18:22:55 INFO  : 'configparams force-mem-access 1' command is executed.
18:22:55 INFO  : Context for 'APU' is selected.
18:22:55 INFO  : Sourcing of '/home/andy/Documents/ece_520/fa22-ece520-final-project-alopez099/software/color_sensor_sw/_ide/psinit/ps7_init.tcl' is done.
18:22:55 INFO  : 'ps7_init' command is executed.
18:22:55 INFO  : 'ps7_post_config' command is executed.
18:22:55 INFO  : Context for processor 'ps7_cortexa9_0' is selected.
18:22:56 INFO  : The application '/home/andy/Documents/ece_520/fa22-ece520-final-project-alopez099/software/color_sensor_sw/Debug/color_sensor_sw.elf' is downloaded to processor 'ps7_cortexa9_0'.
18:22:56 INFO  : 'configparams force-mem-access 0' command is executed.
18:22:56 INFO  : ----------------XSDB Script----------------
connect -url tcp:127.0.0.1:3121
targets -set -nocase -filter {name =~"APU*"}
rst -system
after 3000
targets -set -filter {jtag_cable_name =~ "Digilent Zybo Z7 210351AF248EA" && level==0 && jtag_device_ctx=="jsn-Zybo Z7-210351AF248EA-13722093-0"}
fpga -file /home/andy/Documents/ece_520/fa22-ece520-final-project-alopez099/software/color_sensor_sw/_ide/bitstream/design_1_wrapper.bit
targets -set -nocase -filter {name =~"APU*"}
loadhw -hw /home/andy/Documents/ece_520/fa22-ece520-final-project-alopez099/software/design_1_wrapper/export/design_1_wrapper/hw/design_1_wrapper.xsa -mem-ranges [list {0x40000000 0xbfffffff}] -regs
configparams force-mem-access 1
targets -set -nocase -filter {name =~"APU*"}
source /home/andy/Documents/ece_520/fa22-ece520-final-project-alopez099/software/color_sensor_sw/_ide/psinit/ps7_init.tcl
ps7_init
ps7_post_config
targets -set -nocase -filter {name =~ "*A9*#0"}
dow /home/andy/Documents/ece_520/fa22-ece520-final-project-alopez099/software/color_sensor_sw/Debug/color_sensor_sw.elf
configparams force-mem-access 0
----------------End of Script----------------

18:22:56 INFO  : Context for processor 'ps7_cortexa9_0' is selected.
18:22:56 INFO  : 'con' command is executed.
18:22:56 INFO  : ----------------XSDB Script (After Launch)----------------
targets -set -nocase -filter {name =~ "*A9*#0"}
con
----------------End of Script----------------

18:22:56 INFO  : Launch script is exported to file '/home/andy/Documents/ece_520/fa22-ece520-final-project-alopez099/software/color_sensor_sw_system/_ide/scripts/debugger_color_sensor_sw-default.tcl'
18:30:01 ERROR : (XSDB Server)Hangup

18:30:29 DEBUG : Logs will be stored at '/home/andy/Documents/ece_520/fa22-ece520-final-project-alopez099/software/IDE.log'.
18:30:29 INFO  : Launching XSCT server: xsct -n  -interactive /home/andy/Documents/ece_520/fa22-ece520-final-project-alopez099/software/temp_xsdb_launch_script.tcl
18:30:31 INFO  : Registering command handlers for Vitis TCF services
18:30:31 INFO  : Platform repository initialization has completed.
18:30:31 INFO  : XSCT server has started successfully.
18:30:31 INFO  : Successfully done setting XSCT server connection channel  
18:30:31 INFO  : plnx-install-location is set to ''
18:30:31 INFO  : Successfully done setting workspace for the tool. 
18:30:31 INFO  : Successfully done query RDI_DATADIR 
18:30:59 INFO  : Connected to target on host '127.0.0.1' and port '3121'.
18:30:59 INFO  : Jtag cable 'Digilent Zybo Z7 210351AF248EA' is selected.
18:30:59 INFO  : 'jtag frequency' command is executed.
18:30:59 INFO  : Context for 'APU' is selected.
18:31:00 INFO  : System reset is completed.
18:31:03 INFO  : 'after 3000' command is executed.
18:31:03 INFO  : 'targets -set -filter {jtag_cable_name =~ "Digilent Zybo Z7 210351AF248EA" && level==0 && jtag_device_ctx=="jsn-Zybo Z7-210351AF248EA-13722093-0"}' command is executed.
18:31:04 INFO  : Device configured successfully with "/home/andy/Documents/ece_520/fa22-ece520-final-project-alopez099/software/color_sensor_sw/_ide/bitstream/design_1_wrapper.bit"
18:31:04 INFO  : Context for 'APU' is selected.
18:31:04 INFO  : Hardware design and registers information is loaded from '/home/andy/Documents/ece_520/fa22-ece520-final-project-alopez099/software/design_1_wrapper/export/design_1_wrapper/hw/design_1_wrapper.xsa'.
18:31:04 INFO  : 'configparams force-mem-access 1' command is executed.
18:31:04 INFO  : Context for 'APU' is selected.
18:31:04 INFO  : Sourcing of '/home/andy/Documents/ece_520/fa22-ece520-final-project-alopez099/software/color_sensor_sw/_ide/psinit/ps7_init.tcl' is done.
18:31:04 INFO  : 'ps7_init' command is executed.
18:31:04 INFO  : 'ps7_post_config' command is executed.
18:31:04 INFO  : Context for processor 'ps7_cortexa9_0' is selected.
18:31:04 INFO  : The application '/home/andy/Documents/ece_520/fa22-ece520-final-project-alopez099/software/color_sensor_sw/Debug/color_sensor_sw.elf' is downloaded to processor 'ps7_cortexa9_0'.
18:31:04 INFO  : 'configparams force-mem-access 0' command is executed.
18:31:04 INFO  : ----------------XSDB Script----------------
connect -url tcp:127.0.0.1:3121
targets -set -nocase -filter {name =~"APU*"}
rst -system
after 3000
targets -set -filter {jtag_cable_name =~ "Digilent Zybo Z7 210351AF248EA" && level==0 && jtag_device_ctx=="jsn-Zybo Z7-210351AF248EA-13722093-0"}
fpga -file /home/andy/Documents/ece_520/fa22-ece520-final-project-alopez099/software/color_sensor_sw/_ide/bitstream/design_1_wrapper.bit
targets -set -nocase -filter {name =~"APU*"}
loadhw -hw /home/andy/Documents/ece_520/fa22-ece520-final-project-alopez099/software/design_1_wrapper/export/design_1_wrapper/hw/design_1_wrapper.xsa -mem-ranges [list {0x40000000 0xbfffffff}] -regs
configparams force-mem-access 1
targets -set -nocase -filter {name =~"APU*"}
source /home/andy/Documents/ece_520/fa22-ece520-final-project-alopez099/software/color_sensor_sw/_ide/psinit/ps7_init.tcl
ps7_init
ps7_post_config
targets -set -nocase -filter {name =~ "*A9*#0"}
dow /home/andy/Documents/ece_520/fa22-ece520-final-project-alopez099/software/color_sensor_sw/Debug/color_sensor_sw.elf
configparams force-mem-access 0
----------------End of Script----------------

18:31:04 INFO  : Context for processor 'ps7_cortexa9_0' is selected.
18:31:04 INFO  : 'con' command is executed.
18:31:04 INFO  : ----------------XSDB Script (After Launch)----------------
targets -set -nocase -filter {name =~ "*A9*#0"}
con
----------------End of Script----------------

18:31:04 INFO  : Launch script is exported to file '/home/andy/Documents/ece_520/fa22-ece520-final-project-alopez099/software/color_sensor_sw_system/_ide/scripts/debugger_color_sensor_sw-default.tcl'
18:45:47 DEBUG : Logs will be stored at '/home/andy/Documents/ece_520/fa22-ece520-final-project-alopez099/software/IDE.log'.
18:45:48 INFO  : Launching XSCT server: xsct -n  -interactive /home/andy/Documents/ece_520/fa22-ece520-final-project-alopez099/software/temp_xsdb_launch_script.tcl
18:45:49 INFO  : Registering command handlers for Vitis TCF services
18:45:50 INFO  : XSCT server has started successfully.
18:45:50 INFO  : plnx-install-location is set to ''
18:45:50 INFO  : Successfully done setting XSCT server connection channel  
18:45:50 INFO  : Platform repository initialization has completed.
18:45:50 INFO  : Successfully done setting workspace for the tool. 
18:45:50 INFO  : Successfully done query RDI_DATADIR 
18:46:07 INFO  : Connected to target on host '127.0.0.1' and port '3121'.
18:46:07 INFO  : Jtag cable 'Digilent Zybo Z7 210351AF248EA' is selected.
18:46:07 INFO  : 'jtag frequency' command is executed.
18:46:07 INFO  : Context for 'APU' is selected.
18:46:07 INFO  : System reset is completed.
18:46:10 INFO  : 'after 3000' command is executed.
18:46:10 INFO  : 'targets -set -filter {jtag_cable_name =~ "Digilent Zybo Z7 210351AF248EA" && level==0 && jtag_device_ctx=="jsn-Zybo Z7-210351AF248EA-13722093-0"}' command is executed.
18:46:12 INFO  : Device configured successfully with "/home/andy/Documents/ece_520/fa22-ece520-final-project-alopez099/software/color_sensor_sw/_ide/bitstream/design_1_wrapper.bit"
18:46:12 INFO  : Context for 'APU' is selected.
18:46:12 INFO  : Hardware design and registers information is loaded from '/home/andy/Documents/ece_520/fa22-ece520-final-project-alopez099/software/design_1_wrapper/export/design_1_wrapper/hw/design_1_wrapper.xsa'.
18:46:12 INFO  : 'configparams force-mem-access 1' command is executed.
18:46:12 INFO  : Context for 'APU' is selected.
18:46:12 INFO  : Sourcing of '/home/andy/Documents/ece_520/fa22-ece520-final-project-alopez099/software/color_sensor_sw/_ide/psinit/ps7_init.tcl' is done.
18:46:12 INFO  : 'ps7_init' command is executed.
18:46:12 INFO  : 'ps7_post_config' command is executed.
18:46:12 INFO  : Context for processor 'ps7_cortexa9_0' is selected.
18:46:12 INFO  : The application '/home/andy/Documents/ece_520/fa22-ece520-final-project-alopez099/software/color_sensor_sw/Debug/color_sensor_sw.elf' is downloaded to processor 'ps7_cortexa9_0'.
18:46:12 INFO  : 'configparams force-mem-access 0' command is executed.
18:46:12 INFO  : ----------------XSDB Script----------------
connect -url tcp:127.0.0.1:3121
targets -set -nocase -filter {name =~"APU*"}
rst -system
after 3000
targets -set -filter {jtag_cable_name =~ "Digilent Zybo Z7 210351AF248EA" && level==0 && jtag_device_ctx=="jsn-Zybo Z7-210351AF248EA-13722093-0"}
fpga -file /home/andy/Documents/ece_520/fa22-ece520-final-project-alopez099/software/color_sensor_sw/_ide/bitstream/design_1_wrapper.bit
targets -set -nocase -filter {name =~"APU*"}
loadhw -hw /home/andy/Documents/ece_520/fa22-ece520-final-project-alopez099/software/design_1_wrapper/export/design_1_wrapper/hw/design_1_wrapper.xsa -mem-ranges [list {0x40000000 0xbfffffff}] -regs
configparams force-mem-access 1
targets -set -nocase -filter {name =~"APU*"}
source /home/andy/Documents/ece_520/fa22-ece520-final-project-alopez099/software/color_sensor_sw/_ide/psinit/ps7_init.tcl
ps7_init
ps7_post_config
targets -set -nocase -filter {name =~ "*A9*#0"}
dow /home/andy/Documents/ece_520/fa22-ece520-final-project-alopez099/software/color_sensor_sw/Debug/color_sensor_sw.elf
configparams force-mem-access 0
----------------End of Script----------------

18:46:12 INFO  : Context for processor 'ps7_cortexa9_0' is selected.
18:46:12 INFO  : 'con' command is executed.
18:46:12 INFO  : ----------------XSDB Script (After Launch)----------------
targets -set -nocase -filter {name =~ "*A9*#0"}
con
----------------End of Script----------------

18:46:12 INFO  : Launch script is exported to file '/home/andy/Documents/ece_520/fa22-ece520-final-project-alopez099/software/color_sensor_sw_system/_ide/scripts/debugger_color_sensor_sw-default.tcl'
18:49:36 INFO  : Connected to target on host '127.0.0.1' and port '3121'.
18:49:37 INFO  : 'targets -set -filter {jtag_cable_name =~ "Digilent Zybo Z7 210351AF248EA" && level==0 && jtag_device_ctx=="jsn-Zybo Z7-210351AF248EA-13722093-0"}' command is executed.
18:49:38 INFO  : Device configured successfully with "/home/andy/Documents/ece_520/fa22-ece520-final-project-alopez099/software/color_sensor_sw/_ide/bitstream/design_1_wrapper.bit"
18:50:17 INFO  : Disconnected from the channel tcfchan#1.
18:56:09 DEBUG : Logs will be stored at '/home/andy/Documents/ece_520/fa22-ece520-final-project-alopez099/software/IDE.log'.
18:56:09 INFO  : Launching XSCT server: xsct -n  -interactive /home/andy/Documents/ece_520/fa22-ece520-final-project-alopez099/software/temp_xsdb_launch_script.tcl
18:56:11 INFO  : Platform repository initialization has completed.
18:56:11 INFO  : Registering command handlers for Vitis TCF services
18:56:11 INFO  : XSCT server has started successfully.
18:56:11 INFO  : Successfully done setting XSCT server connection channel  
18:56:11 INFO  : plnx-install-location is set to ''
18:56:11 INFO  : Successfully done query RDI_DATADIR 
18:56:11 INFO  : Successfully done setting workspace for the tool. 
18:56:41 INFO  : Connected to target on host '127.0.0.1' and port '3121'.
18:56:41 INFO  : Jtag cable 'Digilent Zybo Z7 210351AF248EA' is selected.
18:56:41 INFO  : 'jtag frequency' command is executed.
18:56:41 INFO  : Context for 'APU' is selected.
18:56:41 INFO  : System reset is completed.
18:56:44 INFO  : 'after 3000' command is executed.
18:56:44 INFO  : 'targets -set -filter {jtag_cable_name =~ "Digilent Zybo Z7 210351AF248EA" && level==0 && jtag_device_ctx=="jsn-Zybo Z7-210351AF248EA-13722093-0"}' command is executed.
18:56:45 INFO  : Device configured successfully with "/home/andy/Documents/ece_520/fa22-ece520-final-project-alopez099/software/color_sensor_sw/_ide/bitstream/design_1_wrapper.bit"
18:56:45 INFO  : Context for 'APU' is selected.
18:56:45 INFO  : Hardware design and registers information is loaded from '/home/andy/Documents/ece_520/fa22-ece520-final-project-alopez099/software/design_1_wrapper/export/design_1_wrapper/hw/design_1_wrapper.xsa'.
18:56:45 INFO  : 'configparams force-mem-access 1' command is executed.
18:56:45 INFO  : Context for 'APU' is selected.
18:56:45 INFO  : Sourcing of '/home/andy/Documents/ece_520/fa22-ece520-final-project-alopez099/software/color_sensor_sw/_ide/psinit/ps7_init.tcl' is done.
18:56:45 INFO  : 'ps7_init' command is executed.
18:56:45 INFO  : 'ps7_post_config' command is executed.
18:56:46 INFO  : Context for processor 'ps7_cortexa9_0' is selected.
18:56:46 INFO  : The application '/home/andy/Documents/ece_520/fa22-ece520-final-project-alopez099/software/color_sensor_sw/Debug/color_sensor_sw.elf' is downloaded to processor 'ps7_cortexa9_0'.
18:56:46 INFO  : 'configparams force-mem-access 0' command is executed.
18:56:46 INFO  : ----------------XSDB Script----------------
connect -url tcp:127.0.0.1:3121
targets -set -nocase -filter {name =~"APU*"}
rst -system
after 3000
targets -set -filter {jtag_cable_name =~ "Digilent Zybo Z7 210351AF248EA" && level==0 && jtag_device_ctx=="jsn-Zybo Z7-210351AF248EA-13722093-0"}
fpga -file /home/andy/Documents/ece_520/fa22-ece520-final-project-alopez099/software/color_sensor_sw/_ide/bitstream/design_1_wrapper.bit
targets -set -nocase -filter {name =~"APU*"}
loadhw -hw /home/andy/Documents/ece_520/fa22-ece520-final-project-alopez099/software/design_1_wrapper/export/design_1_wrapper/hw/design_1_wrapper.xsa -mem-ranges [list {0x40000000 0xbfffffff}] -regs
configparams force-mem-access 1
targets -set -nocase -filter {name =~"APU*"}
source /home/andy/Documents/ece_520/fa22-ece520-final-project-alopez099/software/color_sensor_sw/_ide/psinit/ps7_init.tcl
ps7_init
ps7_post_config
targets -set -nocase -filter {name =~ "*A9*#0"}
dow /home/andy/Documents/ece_520/fa22-ece520-final-project-alopez099/software/color_sensor_sw/Debug/color_sensor_sw.elf
configparams force-mem-access 0
----------------End of Script----------------

18:56:46 INFO  : Context for processor 'ps7_cortexa9_0' is selected.
18:56:46 INFO  : 'con' command is executed.
18:56:46 INFO  : ----------------XSDB Script (After Launch)----------------
targets -set -nocase -filter {name =~ "*A9*#0"}
con
----------------End of Script----------------

18:56:46 INFO  : Launch script is exported to file '/home/andy/Documents/ece_520/fa22-ece520-final-project-alopez099/software/color_sensor_sw_system/_ide/scripts/debugger_color_sensor_sw-default.tcl'
18:57:32 INFO  : Disconnected from the channel tcfchan#1.
19:02:26 DEBUG : Logs will be stored at '/home/andy/Documents/ece_520/fa22-ece520-final-project-alopez099/software/IDE.log'.
19:02:26 INFO  : Launching XSCT server: xsct -n  -interactive /home/andy/Documents/ece_520/fa22-ece520-final-project-alopez099/software/temp_xsdb_launch_script.tcl
19:02:28 INFO  : Registering command handlers for Vitis TCF services
19:02:28 INFO  : Platform repository initialization has completed.
19:02:28 INFO  : XSCT server has started successfully.
19:02:28 INFO  : Successfully done setting XSCT server connection channel  
19:02:28 INFO  : plnx-install-location is set to ''
19:02:28 INFO  : Successfully done setting workspace for the tool. 
19:02:28 INFO  : Successfully done query RDI_DATADIR 
19:02:49 INFO  : Connected to target on host '127.0.0.1' and port '3121'.
19:02:49 INFO  : Jtag cable 'Digilent Zybo Z7 210351AF248EA' is selected.
19:02:49 INFO  : 'jtag frequency' command is executed.
19:02:49 INFO  : Context for 'APU' is selected.
19:02:49 INFO  : System reset is completed.
19:02:52 INFO  : 'after 3000' command is executed.
19:02:52 INFO  : 'targets -set -filter {jtag_cable_name =~ "Digilent Zybo Z7 210351AF248EA" && level==0 && jtag_device_ctx=="jsn-Zybo Z7-210351AF248EA-13722093-0"}' command is executed.
19:02:53 INFO  : Device configured successfully with "/home/andy/Documents/ece_520/fa22-ece520-final-project-alopez099/software/color_sensor_sw/_ide/bitstream/design_1_wrapper.bit"
19:02:53 INFO  : Context for 'APU' is selected.
19:02:54 INFO  : Hardware design and registers information is loaded from '/home/andy/Documents/ece_520/fa22-ece520-final-project-alopez099/software/design_1_wrapper/export/design_1_wrapper/hw/design_1_wrapper.xsa'.
19:02:54 INFO  : 'configparams force-mem-access 1' command is executed.
19:02:54 INFO  : Context for 'APU' is selected.
19:02:54 INFO  : Sourcing of '/home/andy/Documents/ece_520/fa22-ece520-final-project-alopez099/software/color_sensor_sw/_ide/psinit/ps7_init.tcl' is done.
19:02:54 INFO  : 'ps7_init' command is executed.
19:02:54 INFO  : 'ps7_post_config' command is executed.
19:02:54 INFO  : Context for processor 'ps7_cortexa9_0' is selected.
19:02:54 INFO  : The application '/home/andy/Documents/ece_520/fa22-ece520-final-project-alopez099/software/color_sensor_sw/Debug/color_sensor_sw.elf' is downloaded to processor 'ps7_cortexa9_0'.
19:02:54 INFO  : 'configparams force-mem-access 0' command is executed.
19:02:54 INFO  : ----------------XSDB Script----------------
connect -url tcp:127.0.0.1:3121
targets -set -nocase -filter {name =~"APU*"}
rst -system
after 3000
targets -set -filter {jtag_cable_name =~ "Digilent Zybo Z7 210351AF248EA" && level==0 && jtag_device_ctx=="jsn-Zybo Z7-210351AF248EA-13722093-0"}
fpga -file /home/andy/Documents/ece_520/fa22-ece520-final-project-alopez099/software/color_sensor_sw/_ide/bitstream/design_1_wrapper.bit
targets -set -nocase -filter {name =~"APU*"}
loadhw -hw /home/andy/Documents/ece_520/fa22-ece520-final-project-alopez099/software/design_1_wrapper/export/design_1_wrapper/hw/design_1_wrapper.xsa -mem-ranges [list {0x40000000 0xbfffffff}] -regs
configparams force-mem-access 1
targets -set -nocase -filter {name =~"APU*"}
source /home/andy/Documents/ece_520/fa22-ece520-final-project-alopez099/software/color_sensor_sw/_ide/psinit/ps7_init.tcl
ps7_init
ps7_post_config
targets -set -nocase -filter {name =~ "*A9*#0"}
dow /home/andy/Documents/ece_520/fa22-ece520-final-project-alopez099/software/color_sensor_sw/Debug/color_sensor_sw.elf
configparams force-mem-access 0
----------------End of Script----------------

19:02:54 INFO  : Context for processor 'ps7_cortexa9_0' is selected.
19:02:54 INFO  : 'con' command is executed.
19:02:54 INFO  : ----------------XSDB Script (After Launch)----------------
targets -set -nocase -filter {name =~ "*A9*#0"}
con
----------------End of Script----------------

19:02:54 INFO  : Launch script is exported to file '/home/andy/Documents/ece_520/fa22-ece520-final-project-alopez099/software/color_sensor_sw_system/_ide/scripts/debugger_color_sensor_sw-default.tcl'
19:03:14 INFO  : Disconnected from the channel tcfchan#1.
19:41:45 DEBUG : Logs will be stored at '/home/andy/Documents/ece_520/fa22-ece520-final-project-alopez099/software/IDE.log'.
19:41:45 INFO  : Launching XSCT server: xsct -n  -interactive /home/andy/Documents/ece_520/fa22-ece520-final-project-alopez099/software/temp_xsdb_launch_script.tcl
19:41:47 INFO  : Platform repository initialization has completed.
19:41:47 INFO  : Registering command handlers for Vitis TCF services
19:41:48 INFO  : XSCT server has started successfully.
19:41:48 INFO  : plnx-install-location is set to ''
19:41:48 INFO  : Successfully done setting XSCT server connection channel  
19:41:48 INFO  : Successfully done query RDI_DATADIR 
19:41:48 INFO  : Successfully done setting workspace for the tool. 
19:42:29 INFO  : Connected to target on host '127.0.0.1' and port '3121'.
19:42:30 INFO  : Jtag cable 'Digilent Zybo Z7 210351AF248EA' is selected.
19:42:30 INFO  : 'jtag frequency' command is executed.
19:42:30 INFO  : Context for 'APU' is selected.
19:42:30 INFO  : System reset is completed.
19:42:33 INFO  : 'after 3000' command is executed.
19:42:33 INFO  : 'targets -set -filter {jtag_cable_name =~ "Digilent Zybo Z7 210351AF248EA" && level==0 && jtag_device_ctx=="jsn-Zybo Z7-210351AF248EA-13722093-0"}' command is executed.
19:42:34 INFO  : Device configured successfully with "/home/andy/Documents/ece_520/fa22-ece520-final-project-alopez099/software/color_sensor_sw/_ide/bitstream/design_1_wrapper.bit"
19:42:34 INFO  : Context for 'APU' is selected.
19:42:34 INFO  : Hardware design and registers information is loaded from '/home/andy/Documents/ece_520/fa22-ece520-final-project-alopez099/software/design_1_wrapper/export/design_1_wrapper/hw/design_1_wrapper.xsa'.
19:42:34 INFO  : 'configparams force-mem-access 1' command is executed.
19:42:34 INFO  : Context for 'APU' is selected.
19:42:34 INFO  : Sourcing of '/home/andy/Documents/ece_520/fa22-ece520-final-project-alopez099/software/color_sensor_sw/_ide/psinit/ps7_init.tcl' is done.
19:42:34 INFO  : 'ps7_init' command is executed.
19:42:34 INFO  : 'ps7_post_config' command is executed.
19:42:34 INFO  : Context for processor 'ps7_cortexa9_0' is selected.
19:42:35 INFO  : The application '/home/andy/Documents/ece_520/fa22-ece520-final-project-alopez099/software/color_sensor_sw/Debug/color_sensor_sw.elf' is downloaded to processor 'ps7_cortexa9_0'.
19:42:35 INFO  : 'configparams force-mem-access 0' command is executed.
19:42:35 INFO  : ----------------XSDB Script----------------
connect -url tcp:127.0.0.1:3121
targets -set -nocase -filter {name =~"APU*"}
rst -system
after 3000
targets -set -filter {jtag_cable_name =~ "Digilent Zybo Z7 210351AF248EA" && level==0 && jtag_device_ctx=="jsn-Zybo Z7-210351AF248EA-13722093-0"}
fpga -file /home/andy/Documents/ece_520/fa22-ece520-final-project-alopez099/software/color_sensor_sw/_ide/bitstream/design_1_wrapper.bit
targets -set -nocase -filter {name =~"APU*"}
loadhw -hw /home/andy/Documents/ece_520/fa22-ece520-final-project-alopez099/software/design_1_wrapper/export/design_1_wrapper/hw/design_1_wrapper.xsa -mem-ranges [list {0x40000000 0xbfffffff}] -regs
configparams force-mem-access 1
targets -set -nocase -filter {name =~"APU*"}
source /home/andy/Documents/ece_520/fa22-ece520-final-project-alopez099/software/color_sensor_sw/_ide/psinit/ps7_init.tcl
ps7_init
ps7_post_config
targets -set -nocase -filter {name =~ "*A9*#0"}
dow /home/andy/Documents/ece_520/fa22-ece520-final-project-alopez099/software/color_sensor_sw/Debug/color_sensor_sw.elf
configparams force-mem-access 0
----------------End of Script----------------

19:42:35 INFO  : Context for processor 'ps7_cortexa9_0' is selected.
19:42:35 INFO  : 'con' command is executed.
19:42:35 INFO  : ----------------XSDB Script (After Launch)----------------
targets -set -nocase -filter {name =~ "*A9*#0"}
con
----------------End of Script----------------

19:42:35 INFO  : Launch script is exported to file '/home/andy/Documents/ece_520/fa22-ece520-final-project-alopez099/software/color_sensor_sw_system/_ide/scripts/debugger_color_sensor_sw-default.tcl'
07:03:20 DEBUG : Logs will be stored at '/home/andy/Documents/ece_520/fa22-ece520-final-project-alopez099/software/IDE.log'.
07:03:21 INFO  : Launching XSCT server: xsct -n  -interactive /home/andy/Documents/ece_520/fa22-ece520-final-project-alopez099/software/temp_xsdb_launch_script.tcl
07:03:23 INFO  : XSCT server has started successfully.
07:03:23 INFO  : Registering command handlers for Vitis TCF services
07:03:23 INFO  : Platform repository initialization has completed.
07:03:24 INFO  : plnx-install-location is set to ''
07:03:24 INFO  : Successfully done setting XSCT server connection channel  
07:03:24 INFO  : Successfully done query RDI_DATADIR 
07:03:24 INFO  : Successfully done setting workspace for the tool. 
07:03:45 INFO  : Connected to target on host '127.0.0.1' and port '3121'.
07:03:45 INFO  : Jtag cable 'Digilent Zybo Z7 210351AF248EA' is selected.
07:03:45 INFO  : 'jtag frequency' command is executed.
07:03:45 INFO  : Context for 'APU' is selected.
07:03:45 INFO  : System reset is completed.
07:03:48 INFO  : 'after 3000' command is executed.
07:03:48 INFO  : 'targets -set -filter {jtag_cable_name =~ "Digilent Zybo Z7 210351AF248EA" && level==0 && jtag_device_ctx=="jsn-Zybo Z7-210351AF248EA-13722093-0"}' command is executed.
07:03:50 INFO  : Device configured successfully with "/home/andy/Documents/ece_520/fa22-ece520-final-project-alopez099/software/color_sensor_sw/_ide/bitstream/design_1_wrapper.bit"
07:03:50 INFO  : Context for 'APU' is selected.
07:03:50 INFO  : Hardware design and registers information is loaded from '/home/andy/Documents/ece_520/fa22-ece520-final-project-alopez099/software/design_1_wrapper/export/design_1_wrapper/hw/design_1_wrapper.xsa'.
07:03:50 INFO  : 'configparams force-mem-access 1' command is executed.
07:03:50 INFO  : Context for 'APU' is selected.
07:03:50 INFO  : Sourcing of '/home/andy/Documents/ece_520/fa22-ece520-final-project-alopez099/software/color_sensor_sw/_ide/psinit/ps7_init.tcl' is done.
07:03:50 INFO  : 'ps7_init' command is executed.
07:03:50 INFO  : 'ps7_post_config' command is executed.
07:03:50 INFO  : Context for processor 'ps7_cortexa9_0' is selected.
07:03:50 INFO  : The application '/home/andy/Documents/ece_520/fa22-ece520-final-project-alopez099/software/color_sensor_sw/Debug/color_sensor_sw.elf' is downloaded to processor 'ps7_cortexa9_0'.
07:03:50 INFO  : 'configparams force-mem-access 0' command is executed.
07:03:50 INFO  : ----------------XSDB Script----------------
connect -url tcp:127.0.0.1:3121
targets -set -nocase -filter {name =~"APU*"}
rst -system
after 3000
targets -set -filter {jtag_cable_name =~ "Digilent Zybo Z7 210351AF248EA" && level==0 && jtag_device_ctx=="jsn-Zybo Z7-210351AF248EA-13722093-0"}
fpga -file /home/andy/Documents/ece_520/fa22-ece520-final-project-alopez099/software/color_sensor_sw/_ide/bitstream/design_1_wrapper.bit
targets -set -nocase -filter {name =~"APU*"}
loadhw -hw /home/andy/Documents/ece_520/fa22-ece520-final-project-alopez099/software/design_1_wrapper/export/design_1_wrapper/hw/design_1_wrapper.xsa -mem-ranges [list {0x40000000 0xbfffffff}] -regs
configparams force-mem-access 1
targets -set -nocase -filter {name =~"APU*"}
source /home/andy/Documents/ece_520/fa22-ece520-final-project-alopez099/software/color_sensor_sw/_ide/psinit/ps7_init.tcl
ps7_init
ps7_post_config
targets -set -nocase -filter {name =~ "*A9*#0"}
dow /home/andy/Documents/ece_520/fa22-ece520-final-project-alopez099/software/color_sensor_sw/Debug/color_sensor_sw.elf
configparams force-mem-access 0
----------------End of Script----------------

07:03:50 INFO  : Context for processor 'ps7_cortexa9_0' is selected.
07:03:50 INFO  : 'con' command is executed.
07:03:50 INFO  : ----------------XSDB Script (After Launch)----------------
targets -set -nocase -filter {name =~ "*A9*#0"}
con
----------------End of Script----------------

07:03:50 INFO  : Launch script is exported to file '/home/andy/Documents/ece_520/fa22-ece520-final-project-alopez099/software/color_sensor_sw_system/_ide/scripts/debugger_color_sensor_sw-default.tcl'
07:04:24 INFO  : Disconnected from the channel tcfchan#1.
07:08:22 DEBUG : Logs will be stored at '/home/andy/Documents/ece_520/fa22-ece520-final-project-alopez099/software/IDE.log'.
07:08:22 INFO  : Launching XSCT server: xsct -n  -interactive /home/andy/Documents/ece_520/fa22-ece520-final-project-alopez099/software/temp_xsdb_launch_script.tcl
07:08:24 INFO  : Registering command handlers for Vitis TCF services
07:08:24 INFO  : Platform repository initialization has completed.
07:08:24 INFO  : XSCT server has started successfully.
07:08:24 INFO  : Successfully done setting XSCT server connection channel  
07:08:24 INFO  : plnx-install-location is set to ''
07:08:24 INFO  : Successfully done setting workspace for the tool. 
07:08:24 INFO  : Successfully done query RDI_DATADIR 
07:08:35 INFO  : Connected to target on host '127.0.0.1' and port '3121'.
07:08:36 INFO  : Jtag cable 'Digilent Zybo Z7 210351AF248EA' is selected.
07:08:36 INFO  : 'jtag frequency' command is executed.
07:08:36 INFO  : Context for 'APU' is selected.
07:08:36 INFO  : System reset is completed.
07:08:39 INFO  : 'after 3000' command is executed.
07:08:39 INFO  : 'targets -set -filter {jtag_cable_name =~ "Digilent Zybo Z7 210351AF248EA" && level==0 && jtag_device_ctx=="jsn-Zybo Z7-210351AF248EA-13722093-0"}' command is executed.
07:08:40 INFO  : Device configured successfully with "/home/andy/Documents/ece_520/fa22-ece520-final-project-alopez099/software/color_sensor_sw/_ide/bitstream/design_1_wrapper.bit"
07:08:40 INFO  : Context for 'APU' is selected.
07:08:40 INFO  : Hardware design and registers information is loaded from '/home/andy/Documents/ece_520/fa22-ece520-final-project-alopez099/software/design_1_wrapper/export/design_1_wrapper/hw/design_1_wrapper.xsa'.
07:08:40 INFO  : 'configparams force-mem-access 1' command is executed.
07:08:40 INFO  : Context for 'APU' is selected.
07:08:40 INFO  : Sourcing of '/home/andy/Documents/ece_520/fa22-ece520-final-project-alopez099/software/color_sensor_sw/_ide/psinit/ps7_init.tcl' is done.
07:08:40 INFO  : 'ps7_init' command is executed.
07:08:40 INFO  : 'ps7_post_config' command is executed.
07:08:40 INFO  : Context for processor 'ps7_cortexa9_0' is selected.
07:08:41 INFO  : The application '/home/andy/Documents/ece_520/fa22-ece520-final-project-alopez099/software/color_sensor_sw/Debug/color_sensor_sw.elf' is downloaded to processor 'ps7_cortexa9_0'.
07:08:41 INFO  : 'configparams force-mem-access 0' command is executed.
07:08:41 INFO  : ----------------XSDB Script----------------
connect -url tcp:127.0.0.1:3121
targets -set -nocase -filter {name =~"APU*"}
rst -system
after 3000
targets -set -filter {jtag_cable_name =~ "Digilent Zybo Z7 210351AF248EA" && level==0 && jtag_device_ctx=="jsn-Zybo Z7-210351AF248EA-13722093-0"}
fpga -file /home/andy/Documents/ece_520/fa22-ece520-final-project-alopez099/software/color_sensor_sw/_ide/bitstream/design_1_wrapper.bit
targets -set -nocase -filter {name =~"APU*"}
loadhw -hw /home/andy/Documents/ece_520/fa22-ece520-final-project-alopez099/software/design_1_wrapper/export/design_1_wrapper/hw/design_1_wrapper.xsa -mem-ranges [list {0x40000000 0xbfffffff}] -regs
configparams force-mem-access 1
targets -set -nocase -filter {name =~"APU*"}
source /home/andy/Documents/ece_520/fa22-ece520-final-project-alopez099/software/color_sensor_sw/_ide/psinit/ps7_init.tcl
ps7_init
ps7_post_config
targets -set -nocase -filter {name =~ "*A9*#0"}
dow /home/andy/Documents/ece_520/fa22-ece520-final-project-alopez099/software/color_sensor_sw/Debug/color_sensor_sw.elf
configparams force-mem-access 0
----------------End of Script----------------

07:08:41 INFO  : Context for processor 'ps7_cortexa9_0' is selected.
07:08:41 INFO  : 'con' command is executed.
07:08:41 INFO  : ----------------XSDB Script (After Launch)----------------
targets -set -nocase -filter {name =~ "*A9*#0"}
con
----------------End of Script----------------

07:08:41 INFO  : Launch script is exported to file '/home/andy/Documents/ece_520/fa22-ece520-final-project-alopez099/software/color_sensor_sw_system/_ide/scripts/debugger_color_sensor_sw-default.tcl'
07:11:33 INFO  : Disconnected from the channel tcfchan#1.
07:11:34 INFO  : Connected to target on host '127.0.0.1' and port '3121'.
07:11:34 INFO  : Jtag cable 'Digilent Zybo Z7 210351AF248EA' is selected.
07:11:34 INFO  : 'jtag frequency' command is executed.
07:11:34 INFO  : Context for 'APU' is selected.
07:11:34 INFO  : System reset is completed.
07:11:37 INFO  : 'after 3000' command is executed.
07:11:37 INFO  : 'targets -set -filter {jtag_cable_name =~ "Digilent Zybo Z7 210351AF248EA" && level==0 && jtag_device_ctx=="jsn-Zybo Z7-210351AF248EA-13722093-0"}' command is executed.
07:11:39 INFO  : Device configured successfully with "/home/andy/Documents/ece_520/fa22-ece520-final-project-alopez099/software/color_sensor_sw/_ide/bitstream/design_1_wrapper.bit"
07:11:39 INFO  : Context for 'APU' is selected.
07:11:40 INFO  : Hardware design and registers information is loaded from '/home/andy/Documents/ece_520/fa22-ece520-final-project-alopez099/software/design_1_wrapper/export/design_1_wrapper/hw/design_1_wrapper.xsa'.
07:11:40 INFO  : 'configparams force-mem-access 1' command is executed.
07:11:40 INFO  : Context for 'APU' is selected.
07:11:40 INFO  : Sourcing of '/home/andy/Documents/ece_520/fa22-ece520-final-project-alopez099/software/color_sensor_sw/_ide/psinit/ps7_init.tcl' is done.
07:11:41 INFO  : 'ps7_init' command is executed.
07:11:41 INFO  : 'ps7_post_config' command is executed.
07:11:41 INFO  : Context for processor 'ps7_cortexa9_0' is selected.
07:11:41 INFO  : The application '/home/andy/Documents/ece_520/fa22-ece520-final-project-alopez099/software/color_sensor_sw/Debug/color_sensor_sw.elf' is downloaded to processor 'ps7_cortexa9_0'.
07:11:41 INFO  : 'configparams force-mem-access 0' command is executed.
07:11:41 INFO  : ----------------XSDB Script----------------
connect -url tcp:127.0.0.1:3121
targets -set -nocase -filter {name =~"APU*"}
rst -system
after 3000
targets -set -filter {jtag_cable_name =~ "Digilent Zybo Z7 210351AF248EA" && level==0 && jtag_device_ctx=="jsn-Zybo Z7-210351AF248EA-13722093-0"}
fpga -file /home/andy/Documents/ece_520/fa22-ece520-final-project-alopez099/software/color_sensor_sw/_ide/bitstream/design_1_wrapper.bit
targets -set -nocase -filter {name =~"APU*"}
loadhw -hw /home/andy/Documents/ece_520/fa22-ece520-final-project-alopez099/software/design_1_wrapper/export/design_1_wrapper/hw/design_1_wrapper.xsa -mem-ranges [list {0x40000000 0xbfffffff}] -regs
configparams force-mem-access 1
targets -set -nocase -filter {name =~"APU*"}
source /home/andy/Documents/ece_520/fa22-ece520-final-project-alopez099/software/color_sensor_sw/_ide/psinit/ps7_init.tcl
ps7_init
ps7_post_config
targets -set -nocase -filter {name =~ "*A9*#0"}
dow /home/andy/Documents/ece_520/fa22-ece520-final-project-alopez099/software/color_sensor_sw/Debug/color_sensor_sw.elf
configparams force-mem-access 0
----------------End of Script----------------

07:11:41 INFO  : Context for processor 'ps7_cortexa9_0' is selected.
07:11:41 INFO  : 'con' command is executed.
07:11:41 INFO  : ----------------XSDB Script (After Launch)----------------
targets -set -nocase -filter {name =~ "*A9*#0"}
con
----------------End of Script----------------

07:11:41 INFO  : Launch script is exported to file '/home/andy/Documents/ece_520/fa22-ece520-final-project-alopez099/software/color_sensor_sw_system/_ide/scripts/debugger_color_sensor_sw-default.tcl'
07:12:32 INFO  : Disconnected from the channel tcfchan#2.
07:12:33 INFO  : Connected to target on host '127.0.0.1' and port '3121'.
07:12:34 INFO  : Jtag cable 'Digilent Zybo Z7 210351AF248EA' is selected.
07:12:34 INFO  : 'jtag frequency' command is executed.
07:12:34 INFO  : Context for 'APU' is selected.
07:12:34 INFO  : System reset is completed.
07:12:37 INFO  : 'after 3000' command is executed.
07:12:37 INFO  : 'targets -set -filter {jtag_cable_name =~ "Digilent Zybo Z7 210351AF248EA" && level==0 && jtag_device_ctx=="jsn-Zybo Z7-210351AF248EA-13722093-0"}' command is executed.
07:12:38 INFO  : Device configured successfully with "/home/andy/Documents/ece_520/fa22-ece520-final-project-alopez099/software/color_sensor_sw/_ide/bitstream/design_1_wrapper.bit"
07:12:38 INFO  : Context for 'APU' is selected.
07:12:40 INFO  : Hardware design and registers information is loaded from '/home/andy/Documents/ece_520/fa22-ece520-final-project-alopez099/software/design_1_wrapper/export/design_1_wrapper/hw/design_1_wrapper.xsa'.
07:12:40 INFO  : 'configparams force-mem-access 1' command is executed.
07:12:40 INFO  : Context for 'APU' is selected.
07:12:40 INFO  : Sourcing of '/home/andy/Documents/ece_520/fa22-ece520-final-project-alopez099/software/color_sensor_sw/_ide/psinit/ps7_init.tcl' is done.
07:12:40 INFO  : 'ps7_init' command is executed.
07:12:40 INFO  : 'ps7_post_config' command is executed.
07:12:40 INFO  : Context for processor 'ps7_cortexa9_0' is selected.
07:12:40 INFO  : The application '/home/andy/Documents/ece_520/fa22-ece520-final-project-alopez099/software/color_sensor_sw/Debug/color_sensor_sw.elf' is downloaded to processor 'ps7_cortexa9_0'.
07:12:40 INFO  : 'configparams force-mem-access 0' command is executed.
07:12:40 INFO  : ----------------XSDB Script----------------
connect -url tcp:127.0.0.1:3121
targets -set -nocase -filter {name =~"APU*"}
rst -system
after 3000
targets -set -filter {jtag_cable_name =~ "Digilent Zybo Z7 210351AF248EA" && level==0 && jtag_device_ctx=="jsn-Zybo Z7-210351AF248EA-13722093-0"}
fpga -file /home/andy/Documents/ece_520/fa22-ece520-final-project-alopez099/software/color_sensor_sw/_ide/bitstream/design_1_wrapper.bit
targets -set -nocase -filter {name =~"APU*"}
loadhw -hw /home/andy/Documents/ece_520/fa22-ece520-final-project-alopez099/software/design_1_wrapper/export/design_1_wrapper/hw/design_1_wrapper.xsa -mem-ranges [list {0x40000000 0xbfffffff}] -regs
configparams force-mem-access 1
targets -set -nocase -filter {name =~"APU*"}
source /home/andy/Documents/ece_520/fa22-ece520-final-project-alopez099/software/color_sensor_sw/_ide/psinit/ps7_init.tcl
ps7_init
ps7_post_config
targets -set -nocase -filter {name =~ "*A9*#0"}
dow /home/andy/Documents/ece_520/fa22-ece520-final-project-alopez099/software/color_sensor_sw/Debug/color_sensor_sw.elf
configparams force-mem-access 0
----------------End of Script----------------

07:12:40 INFO  : Context for processor 'ps7_cortexa9_0' is selected.
07:12:40 INFO  : 'con' command is executed.
07:12:40 INFO  : ----------------XSDB Script (After Launch)----------------
targets -set -nocase -filter {name =~ "*A9*#0"}
con
----------------End of Script----------------

07:12:40 INFO  : Launch script is exported to file '/home/andy/Documents/ece_520/fa22-ece520-final-project-alopez099/software/color_sensor_sw_system/_ide/scripts/debugger_color_sensor_sw-default.tcl'
11:00:29 DEBUG : Logs will be stored at '/home/andy/Documents/ece_520/fa22-ece520-final-project-alopez099/software/IDE.log'.
11:00:30 INFO  : Launching XSCT server: xsct -n  -interactive /home/andy/Documents/ece_520/fa22-ece520-final-project-alopez099/software/temp_xsdb_launch_script.tcl
11:00:32 INFO  : XSCT server has started successfully.
11:00:32 INFO  : Registering command handlers for Vitis TCF services
11:00:32 INFO  : Platform repository initialization has completed.
11:00:33 INFO  : plnx-install-location is set to ''
11:00:33 INFO  : Successfully done setting XSCT server connection channel  
11:00:33 INFO  : Successfully done query RDI_DATADIR 
11:00:33 INFO  : Successfully done setting workspace for the tool. 
11:01:00 INFO  : Connected to target on host '127.0.0.1' and port '3121'.
11:01:15 INFO  : Jtag cable 'Digilent Zybo Z7 210351AF248EA' is selected.
11:01:15 INFO  : 'jtag frequency' command is executed.
11:01:15 INFO  : Context for 'APU' is selected.
11:01:15 INFO  : System reset is completed.
11:01:18 INFO  : 'after 3000' command is executed.
11:01:18 INFO  : 'targets -set -filter {jtag_cable_name =~ "Digilent Zybo Z7 210351AF248EA" && level==0 && jtag_device_ctx=="jsn-Zybo Z7-210351AF248EA-13722093-0"}' command is executed.
11:01:19 INFO  : Device configured successfully with "/home/andy/Documents/ece_520/fa22-ece520-final-project-alopez099/software/color_sensor_sw/_ide/bitstream/design_1_wrapper.bit"
11:01:19 INFO  : Context for 'APU' is selected.
11:01:19 INFO  : Hardware design and registers information is loaded from '/home/andy/Documents/ece_520/fa22-ece520-final-project-alopez099/software/design_1_wrapper/export/design_1_wrapper/hw/design_1_wrapper.xsa'.
11:01:19 INFO  : 'configparams force-mem-access 1' command is executed.
11:01:19 INFO  : Context for 'APU' is selected.
11:01:19 INFO  : Sourcing of '/home/andy/Documents/ece_520/fa22-ece520-final-project-alopez099/software/color_sensor_sw/_ide/psinit/ps7_init.tcl' is done.
11:01:20 INFO  : 'ps7_init' command is executed.
11:01:20 INFO  : 'ps7_post_config' command is executed.
11:01:20 INFO  : Context for processor 'ps7_cortexa9_0' is selected.
11:01:20 INFO  : The application '/home/andy/Documents/ece_520/fa22-ece520-final-project-alopez099/software/color_sensor_sw/Debug/color_sensor_sw.elf' is downloaded to processor 'ps7_cortexa9_0'.
11:01:20 INFO  : 'configparams force-mem-access 0' command is executed.
11:01:20 INFO  : ----------------XSDB Script----------------
connect -url tcp:127.0.0.1:3121
targets -set -nocase -filter {name =~"APU*"}
rst -system
after 3000
targets -set -filter {jtag_cable_name =~ "Digilent Zybo Z7 210351AF248EA" && level==0 && jtag_device_ctx=="jsn-Zybo Z7-210351AF248EA-13722093-0"}
fpga -file /home/andy/Documents/ece_520/fa22-ece520-final-project-alopez099/software/color_sensor_sw/_ide/bitstream/design_1_wrapper.bit
targets -set -nocase -filter {name =~"APU*"}
loadhw -hw /home/andy/Documents/ece_520/fa22-ece520-final-project-alopez099/software/design_1_wrapper/export/design_1_wrapper/hw/design_1_wrapper.xsa -mem-ranges [list {0x40000000 0xbfffffff}] -regs
configparams force-mem-access 1
targets -set -nocase -filter {name =~"APU*"}
source /home/andy/Documents/ece_520/fa22-ece520-final-project-alopez099/software/color_sensor_sw/_ide/psinit/ps7_init.tcl
ps7_init
ps7_post_config
targets -set -nocase -filter {name =~ "*A9*#0"}
dow /home/andy/Documents/ece_520/fa22-ece520-final-project-alopez099/software/color_sensor_sw/Debug/color_sensor_sw.elf
configparams force-mem-access 0
----------------End of Script----------------

11:01:20 INFO  : Context for processor 'ps7_cortexa9_0' is selected.
11:01:20 INFO  : 'con' command is executed.
11:01:20 INFO  : ----------------XSDB Script (After Launch)----------------
targets -set -nocase -filter {name =~ "*A9*#0"}
con
----------------End of Script----------------

11:01:20 INFO  : Launch script is exported to file '/home/andy/Documents/ece_520/fa22-ece520-final-project-alopez099/software/color_sensor_sw_system/_ide/scripts/debugger_color_sensor_sw-default.tcl'
11:04:57 INFO  : Disconnected from the channel tcfchan#1.
11:04:58 INFO  : Connected to target on host '127.0.0.1' and port '3121'.
11:04:58 INFO  : Jtag cable 'Digilent Zybo Z7 210351AF248EA' is selected.
11:04:58 INFO  : 'jtag frequency' command is executed.
11:04:58 INFO  : Context for 'APU' is selected.
11:04:58 INFO  : System reset is completed.
11:05:01 INFO  : 'after 3000' command is executed.
11:05:01 INFO  : 'targets -set -filter {jtag_cable_name =~ "Digilent Zybo Z7 210351AF248EA" && level==0 && jtag_device_ctx=="jsn-Zybo Z7-210351AF248EA-13722093-0"}' command is executed.
11:05:02 INFO  : Device configured successfully with "/home/andy/Documents/ece_520/fa22-ece520-final-project-alopez099/software/color_sensor_sw/_ide/bitstream/design_1_wrapper.bit"
11:05:02 INFO  : Context for 'APU' is selected.
11:05:04 INFO  : Hardware design and registers information is loaded from '/home/andy/Documents/ece_520/fa22-ece520-final-project-alopez099/software/design_1_wrapper/export/design_1_wrapper/hw/design_1_wrapper.xsa'.
11:05:04 INFO  : 'configparams force-mem-access 1' command is executed.
11:05:04 INFO  : Context for 'APU' is selected.
11:05:04 INFO  : Sourcing of '/home/andy/Documents/ece_520/fa22-ece520-final-project-alopez099/software/color_sensor_sw/_ide/psinit/ps7_init.tcl' is done.
11:05:04 INFO  : 'ps7_init' command is executed.
11:05:04 INFO  : 'ps7_post_config' command is executed.
11:05:04 INFO  : Context for processor 'ps7_cortexa9_0' is selected.
11:05:05 INFO  : The application '/home/andy/Documents/ece_520/fa22-ece520-final-project-alopez099/software/color_sensor_sw/Debug/color_sensor_sw.elf' is downloaded to processor 'ps7_cortexa9_0'.
11:05:05 INFO  : 'configparams force-mem-access 0' command is executed.
11:05:05 INFO  : ----------------XSDB Script----------------
connect -url tcp:127.0.0.1:3121
targets -set -nocase -filter {name =~"APU*"}
rst -system
after 3000
targets -set -filter {jtag_cable_name =~ "Digilent Zybo Z7 210351AF248EA" && level==0 && jtag_device_ctx=="jsn-Zybo Z7-210351AF248EA-13722093-0"}
fpga -file /home/andy/Documents/ece_520/fa22-ece520-final-project-alopez099/software/color_sensor_sw/_ide/bitstream/design_1_wrapper.bit
targets -set -nocase -filter {name =~"APU*"}
loadhw -hw /home/andy/Documents/ece_520/fa22-ece520-final-project-alopez099/software/design_1_wrapper/export/design_1_wrapper/hw/design_1_wrapper.xsa -mem-ranges [list {0x40000000 0xbfffffff}] -regs
configparams force-mem-access 1
targets -set -nocase -filter {name =~"APU*"}
source /home/andy/Documents/ece_520/fa22-ece520-final-project-alopez099/software/color_sensor_sw/_ide/psinit/ps7_init.tcl
ps7_init
ps7_post_config
targets -set -nocase -filter {name =~ "*A9*#0"}
dow /home/andy/Documents/ece_520/fa22-ece520-final-project-alopez099/software/color_sensor_sw/Debug/color_sensor_sw.elf
configparams force-mem-access 0
----------------End of Script----------------

11:05:05 INFO  : Context for processor 'ps7_cortexa9_0' is selected.
11:05:05 INFO  : 'con' command is executed.
11:05:05 INFO  : ----------------XSDB Script (After Launch)----------------
targets -set -nocase -filter {name =~ "*A9*#0"}
con
----------------End of Script----------------

11:05:05 INFO  : Launch script is exported to file '/home/andy/Documents/ece_520/fa22-ece520-final-project-alopez099/software/color_sensor_sw_system/_ide/scripts/debugger_color_sensor_sw-default.tcl'
11:42:27 INFO  : Disconnected from the channel tcfchan#2.
11:42:28 INFO  : Connected to target on host '127.0.0.1' and port '3121'.
11:42:37 INFO  : ----------------XSDB Script----------------
connect -url tcp:127.0.0.1:3121
----------------End of Script----------------

11:42:37 ERROR : Could not find Jtag device on the board for connection 'Local'.


Troubleshooting hints:
1. Check whether board is connected to system properly.
2. In case of zynq board, check whether Digilent/Xilinx cable switch settings are correct.
3. If you are using Xilinx Platform Cable USB, ensure that status LED is green.
11:43:02 INFO  : Connected to target on host '127.0.0.1' and port '3121'.
11:43:08 INFO  : Jtag cable 'Digilent Zybo Z7 210351AF248EA' is selected.
11:43:08 INFO  : 'jtag frequency' command is executed.
11:43:08 INFO  : Context for 'APU' is selected.
11:43:08 INFO  : System reset is completed.
11:43:11 INFO  : 'after 3000' command is executed.
11:43:11 INFO  : 'targets -set -filter {jtag_cable_name =~ "Digilent Zybo Z7 210351AF248EA" && level==0 && jtag_device_ctx=="jsn-Zybo Z7-210351AF248EA-13722093-0"}' command is executed.
11:43:12 INFO  : Device configured successfully with "/home/andy/Documents/ece_520/fa22-ece520-final-project-alopez099/software/color_sensor_sw/_ide/bitstream/design_1_wrapper.bit"
11:43:12 INFO  : Context for 'APU' is selected.
11:43:14 INFO  : Hardware design and registers information is loaded from '/home/andy/Documents/ece_520/fa22-ece520-final-project-alopez099/software/design_1_wrapper/export/design_1_wrapper/hw/design_1_wrapper.xsa'.
11:43:14 INFO  : 'configparams force-mem-access 1' command is executed.
11:43:14 INFO  : Context for 'APU' is selected.
11:43:14 INFO  : Sourcing of '/home/andy/Documents/ece_520/fa22-ece520-final-project-alopez099/software/color_sensor_sw/_ide/psinit/ps7_init.tcl' is done.
11:43:14 INFO  : 'ps7_init' command is executed.
11:43:14 INFO  : 'ps7_post_config' command is executed.
11:43:14 INFO  : Context for processor 'ps7_cortexa9_0' is selected.
11:43:14 INFO  : The application '/home/andy/Documents/ece_520/fa22-ece520-final-project-alopez099/software/color_sensor_sw/Debug/color_sensor_sw.elf' is downloaded to processor 'ps7_cortexa9_0'.
11:43:14 INFO  : 'configparams force-mem-access 0' command is executed.
11:43:14 INFO  : ----------------XSDB Script----------------
connect -url tcp:127.0.0.1:3121
targets -set -nocase -filter {name =~"APU*"}
rst -system
after 3000
targets -set -filter {jtag_cable_name =~ "Digilent Zybo Z7 210351AF248EA" && level==0 && jtag_device_ctx=="jsn-Zybo Z7-210351AF248EA-13722093-0"}
fpga -file /home/andy/Documents/ece_520/fa22-ece520-final-project-alopez099/software/color_sensor_sw/_ide/bitstream/design_1_wrapper.bit
targets -set -nocase -filter {name =~"APU*"}
loadhw -hw /home/andy/Documents/ece_520/fa22-ece520-final-project-alopez099/software/design_1_wrapper/export/design_1_wrapper/hw/design_1_wrapper.xsa -mem-ranges [list {0x40000000 0xbfffffff}] -regs
configparams force-mem-access 1
targets -set -nocase -filter {name =~"APU*"}
source /home/andy/Documents/ece_520/fa22-ece520-final-project-alopez099/software/color_sensor_sw/_ide/psinit/ps7_init.tcl
ps7_init
ps7_post_config
targets -set -nocase -filter {name =~ "*A9*#0"}
dow /home/andy/Documents/ece_520/fa22-ece520-final-project-alopez099/software/color_sensor_sw/Debug/color_sensor_sw.elf
configparams force-mem-access 0
----------------End of Script----------------

11:43:14 INFO  : Context for processor 'ps7_cortexa9_0' is selected.
11:43:15 INFO  : 'con' command is executed.
11:43:15 INFO  : ----------------XSDB Script (After Launch)----------------
targets -set -nocase -filter {name =~ "*A9*#0"}
con
----------------End of Script----------------

11:43:15 INFO  : Launch script is exported to file '/home/andy/Documents/ece_520/fa22-ece520-final-project-alopez099/software/color_sensor_sw_system/_ide/scripts/debugger_color_sensor_sw-default.tcl'
12:12:10 INFO  : Disconnected from the channel tcfchan#3.
